Using pre-set license
Built from '2021.3/staging' branch; Version is '2021.3.10f1 (1c7d0df0160b) revision 1867021'; Using compiler version '192829333'; Build Type 'Release'
OS: 'Windows 11  (10.0.22631) 64bit Professional' Language: 'ko' Physical Memory: 16078 MB
BatchMode: 1, IsHumanControllingUs: 0, StartBugReporterOnCrash: 0, Is64bit: 1, IsPro: 1

COMMAND LINE ARGUMENTS:
C:\Program Files\Unity\Hub\Editor\2021.3.10f1\Editor\Unity.exe
-adb2
-batchMode
-noUpm
-name
AssetImportWorker0
-projectPath
C:/Users/우준환/serureuk/serureuk/My project
-logFile
Logs/AssetImportWorker0.log
-srvPort
63619
Successfully changed project path to: C:/Users/우준환/serureuk/serureuk/My project
C:/Users/우준환/serureuk/serureuk/My project
[UnityMemory] Configuration Parameters - Can be set up in boot.config
    "memorysetup-bucket-allocator-granularity=16"
    "memorysetup-bucket-allocator-bucket-count=8"
    "memorysetup-bucket-allocator-block-size=33554432"
    "memorysetup-bucket-allocator-block-count=8"
    "memorysetup-main-allocator-block-size=16777216"
    "memorysetup-thread-allocator-block-size=16777216"
    "memorysetup-gfx-main-allocator-block-size=16777216"
    "memorysetup-gfx-thread-allocator-block-size=16777216"
    "memorysetup-cache-allocator-block-size=4194304"
    "memorysetup-typetree-allocator-block-size=2097152"
    "memorysetup-profiler-bucket-allocator-granularity=16"
    "memorysetup-profiler-bucket-allocator-bucket-count=8"
    "memorysetup-profiler-bucket-allocator-block-size=33554432"
    "memorysetup-profiler-bucket-allocator-block-count=8"
    "memorysetup-profiler-allocator-block-size=16777216"
    "memorysetup-profiler-editor-allocator-block-size=1048576"
    "memorysetup-temp-allocator-size-main=16777216"
    "memorysetup-job-temp-allocator-block-size=2097152"
    "memorysetup-job-temp-allocator-block-size-background=1048576"
    "memorysetup-job-temp-allocator-reduction-small-platforms=262144"
    "memorysetup-temp-allocator-size-background-worker=32768"
    "memorysetup-temp-allocator-size-job-worker=262144"
    "memorysetup-temp-allocator-size-preload-manager=33554432"
    "memorysetup-temp-allocator-size-nav-mesh-worker=65536"
    "memorysetup-temp-allocator-size-audio-worker=65536"
    "memorysetup-temp-allocator-size-cloud-worker=32768"
    "memorysetup-temp-allocator-size-gi-baking-worker=262144"
    "memorysetup-temp-allocator-size-gfx=262144"
Refreshing native plugins compatible for Editor in 60.38 ms, found 6 plugins.
Preloading 0 native plugins for Editor in 0.00 ms.
Initialize engine version: 2021.3.10f1 (1c7d0df0160b)
[Subsystems] Discovering subsystems at path C:/Program Files/Unity/Hub/Editor/2021.3.10f1/Editor/Data/Resources/UnitySubsystems
[Subsystems] Discovering subsystems at path C:/Users/우준환/serureuk/serureuk/My project/Assets
GfxDevice: creating device client; threaded=0; jobified=0
Direct3D:
    Version:  Direct3D 11.0 [level 11.1]
    Renderer: Intel(R) Iris(R) Xe Graphics (ID=0x46a6)
    Vendor:   Intel
    VRAM:     8039 MB
    Driver:   30.0.101.1660
Initialize mono
Mono path[0] = 'C:/Program Files/Unity/Hub/Editor/2021.3.10f1/Editor/Data/Managed'
Mono path[1] = 'C:/Program Files/Unity/Hub/Editor/2021.3.10f1/Editor/Data/MonoBleedingEdge/lib/mono/unityjit-win32'
Mono config path = 'C:/Program Files/Unity/Hub/Editor/2021.3.10f1/Editor/Data/MonoBleedingEdge/etc'
Using monoOptions --debugger-agent=transport=dt_socket,embedding=1,server=y,suspend=n,address=127.0.0.1:56468
Begin MonoManager ReloadAssembly
Registering precompiled unity dll's ...
Register platform support module: C:/Program Files/Unity/Hub/Editor/2021.3.10f1/Editor/Data/PlaybackEngines/WebGLSupport/UnityEditor.WebGL.Extensions.dll
Register platform support module: C:/Program Files/Unity/Hub/Editor/2021.3.10f1/Editor/Data/PlaybackEngines/WindowsStandaloneSupport/UnityEditor.WindowsStandalone.Extensions.dll
Registered in 0.003135 seconds.
Native extension for WindowsStandalone target not found
Native extension for WebGL target not found
Refreshing native plugins compatible for Editor in 61.75 ms, found 6 plugins.
Preloading 0 native plugins for Editor in 0.00 ms.
Mono: successfully reloaded assembly
- Completed reload, in  0.435 seconds
Domain Reload Profiling:
	ReloadAssembly (435ms)
		BeginReloadAssembly (49ms)
			ExecutionOrderSort (0ms)
			DisableScriptedObjects (0ms)
			BackupInstance (0ms)
			ReleaseScriptingObjects (0ms)
			CreateAndSetChildDomain (1ms)
		EndReloadAssembly (307ms)
			LoadAssemblies (48ms)
			RebuildTransferFunctionScriptingTraits (0ms)
			SetupTypeCache (74ms)
			ReleaseScriptCaches (0ms)
			RebuildScriptCaches (18ms)
			SetupLoadedEditorAssemblies (182ms)
				LogAssemblyErrors (0ms)
				InitializePlatformSupportModulesInManaged (6ms)
				SetLoadedEditorAssemblies (0ms)
				RefreshPlugins (62ms)
				BeforeProcessingInitializeOnLoad (1ms)
				ProcessInitializeOnLoadAttributes (82ms)
				ProcessInitializeOnLoadMethodAttributes (31ms)
				AfterProcessingInitializeOnLoad (0ms)
				EditorAssembliesLoaded (0ms)
			ExecutionOrderSort2 (0ms)
			AwakeInstancesAfterBackupRestoration (0ms)
Platform modules already initialized, skipping
Registering precompiled user dll's ...
Registered in 0.003389 seconds.
Begin MonoManager ReloadAssembly
Native extension for WindowsStandalone target not found
Native extension for WebGL target not found
Refreshing native plugins compatible for Editor in 57.12 ms, found 6 plugins.
Preloading 0 native plugins for Editor in 0.00 ms.
Mono: successfully reloaded assembly
- Completed reload, in  0.794 seconds
Domain Reload Profiling:
	ReloadAssembly (795ms)
		BeginReloadAssembly (71ms)
			ExecutionOrderSort (0ms)
			DisableScriptedObjects (3ms)
			BackupInstance (0ms)
			ReleaseScriptingObjects (0ms)
			CreateAndSetChildDomain (13ms)
		EndReloadAssembly (648ms)
			LoadAssemblies (54ms)
			RebuildTransferFunctionScriptingTraits (0ms)
			SetupTypeCache (195ms)
			ReleaseScriptCaches (0ms)
			RebuildScriptCaches (36ms)
			SetupLoadedEditorAssemblies (329ms)
				LogAssemblyErrors (0ms)
				InitializePlatformSupportModulesInManaged (4ms)
				SetLoadedEditorAssemblies (0ms)
				RefreshPlugins (57ms)
				BeforeProcessingInitializeOnLoad (59ms)
				ProcessInitializeOnLoadAttributes (187ms)
				ProcessInitializeOnLoadMethodAttributes (19ms)
				AfterProcessingInitializeOnLoad (3ms)
				EditorAssembliesLoaded (0ms)
			ExecutionOrderSort2 (0ms)
			AwakeInstancesAfterBackupRestoration (5ms)
Platform modules already initialized, skipping
========================================================================
Worker process is ready to serve import requests
Launched and connected shader compiler UnityShaderCompiler.exe after 0.04 seconds
Refreshing native plugins compatible for Editor in 0.66 ms, found 6 plugins.
Preloading 0 native plugins for Editor in 0.00 ms.
Unloading 3745 Unused Serialized files (Serialized files now loaded: 0)
Unloading 53 unused Assets / (113.5 KB). Loaded Objects now: 4195.
Memory consumption went from 143.0 MB to 142.9 MB.
Total: 2.666200 ms (FindLiveObjects: 0.178600 ms CreateObjectMapping: 0.109700 ms MarkObjects: 2.287100 ms  DeleteObjects: 0.090100 ms)

AssetImportParameters requested are different than current active one (requested -> active):
  custom:video-decoder-ogg-theora: a1e56fd34408186e4bbccfd4996cb3dc -> 
  custom:container-muxer-webm: aa71ff27fc2769a1b78a27578f13a17b -> 
  custom:container-demuxer-webm: 4f35f7cbe854078d1ac9338744f61a02 -> 
  custom:video-encoder-webm-vp8: eb34c28f22e8b96e1ab97ce403110664 -> 
  custom:audio-encoder-webm-vorbis: bf7c407c2cedff20999df2af8eb42d56 -> 
  custom:framework-win-MediaFoundation: 216162199b28c13a410421893ffa2e32 -> 
  custom:container-demuxer-ogg: 62fdf1f143b41e24485cea50d1cbac27 -> 
  custom:video-decoder-webm-vp8: 9c59270c3fd7afecdb556c50c9e8de78 -> 
  custom:audio-decoder-ogg-vorbis: bf7c407c2cedff20999df2af8eb42d56 -> 
========================================================================
Received Import Request.
  Time since last request: 617290.223464 seconds.
  path: Assets/VRoad/Prefabs/Maps/Lightsville.prefab
  artifactKey: Guid(8e6a2ff6cde7d764ea4877480749e31a) Importer(815301076,1909f56bfc062723c751e8b465ee728b)
Start importing Assets/VRoad/Prefabs/Maps/Lightsville.prefab using Guid(8e6a2ff6cde7d764ea4877480749e31a) Importer(815301076,1909f56bfc062723c751e8b465ee728b)  -> (artifact id: '53ce90dea20750599f35c402ee79ee32') in 0.195362 seconds 
========================================================================
Received Import Request.
  Time since last request: 0.527004 seconds.
  path: Assets/VRoad/Prefabs/Vehicles/Car01_LP_918.prefab
  artifactKey: Guid(4eaf62ef6568f7e49b8ac595a305d06e) Importer(815301076,1909f56bfc062723c751e8b465ee728b)
Start importing Assets/VRoad/Prefabs/Vehicles/Car01_LP_918.prefab using Guid(4eaf62ef6568f7e49b8ac595a305d06e) Importer(815301076,1909f56bfc062723c751e8b465ee728b)  -> (artifact id: '08f3825f1fb67e2d163a15a352f013da') in 0.033168 seconds 
========================================================================
Received Import Request.
  Time since last request: 0.000020 seconds.
  path: Assets/VRoad/Prefabs/Vehicles/HgvTruck_LP_797.prefab
  artifactKey: Guid(1f09ac9f308b73943b886b9b499db4f6) Importer(815301076,1909f56bfc062723c751e8b465ee728b)
Start importing Assets/VRoad/Prefabs/Vehicles/HgvTruck_LP_797.prefab using Guid(1f09ac9f308b73943b886b9b499db4f6) Importer(815301076,1909f56bfc062723c751e8b465ee728b)  -> (artifact id: '6ee5f73b4bc7147638dad948bd20fc64') in 0.018468 seconds 
========================================================================
Received Import Request.
  Time since last request: 0.000021 seconds.
  path: Assets/VRoad/Prefabs/Vehicles/HgvTrailer_LP_525.prefab
  artifactKey: Guid(9751bb4ea69be3746bc0d980f107e33d) Importer(815301076,1909f56bfc062723c751e8b465ee728b)
Start importing Assets/VRoad/Prefabs/Vehicles/HgvTrailer_LP_525.prefab using Guid(9751bb4ea69be3746bc0d980f107e33d) Importer(815301076,1909f56bfc062723c751e8b465ee728b)  -> (artifact id: 'f60fbd33c959b66cfd5e91741f00c4f8') in 0.021343 seconds 
========================================================================
Received Import Request.
  Time since last request: 0.000019 seconds.
  path: Assets/VRoad/Prefabs/Vehicles/Coach_LP_910.prefab
  artifactKey: Guid(1cb42668d6d57c54cbf2159e366c6fba) Importer(815301076,1909f56bfc062723c751e8b465ee728b)
Start importing Assets/VRoad/Prefabs/Vehicles/Coach_LP_910.prefab using Guid(1cb42668d6d57c54cbf2159e366c6fba) Importer(815301076,1909f56bfc062723c751e8b465ee728b)  -> (artifact id: 'fa3e1cfc616f38717637b358616fc8fc') in 0.019034 seconds 
========================================================================
Received Import Request.
  Time since last request: 23.633227 seconds.
  path: Assets/VRoad/Materials/Lanes/Textures/LaneAgainst_RoadEdge_tex.asset
  artifactKey: Guid(16a6cdb89fdcefb408a2dbc9e0935d65) Importer(815301076,1909f56bfc062723c751e8b465ee728b)
Start importing Assets/VRoad/Materials/Lanes/Textures/LaneAgainst_RoadEdge_tex.asset using Guid(16a6cdb89fdcefb408a2dbc9e0935d65) Importer(815301076,1909f56bfc062723c751e8b465ee728b)  -> (artifact id: '140e75124523cae857f56136a312d3ca') in 0.044669 seconds 
========================================================================
Received Import Request.
  Time since last request: 0.000016 seconds.
  path: Assets/VRoad/Materials/Lanes/Textures/LaneWith_LaneWith_tex.asset
  artifactKey: Guid(88940e91ca573d549a84b28c9cf0b2ca) Importer(815301076,1909f56bfc062723c751e8b465ee728b)
Start importing Assets/VRoad/Materials/Lanes/Textures/LaneWith_LaneWith_tex.asset using Guid(88940e91ca573d549a84b28c9cf0b2ca) Importer(815301076,1909f56bfc062723c751e8b465ee728b)  -> (artifact id: '3a567d7130990d97312a5a3d23af052c') in 0.032240 seconds 
========================================================================
Received Import Request.
  Time since last request: 0.000021 seconds.
  path: Assets/VRoad/Materials/Lanes/Textures/LaneWith_RoadEdge_tex.asset
  artifactKey: Guid(dbb6fc773df3e0341b5e1a1eb213fe44) Importer(815301076,1909f56bfc062723c751e8b465ee728b)
Start importing Assets/VRoad/Materials/Lanes/Textures/LaneWith_RoadEdge_tex.asset using Guid(dbb6fc773df3e0341b5e1a1eb213fe44) Importer(815301076,1909f56bfc062723c751e8b465ee728b)  -> (artifact id: '7868d2f5091a9a7596e3b338c60faa09') in 0.028938 seconds 
========================================================================
Received Import Request.
  Time since last request: 0.817471 seconds.
  path: Assets/VRoad/Materials/Lanes/Textures/RoadEdge_RoadEdge_tex.asset
  artifactKey: Guid(47c8d3b04d654924f89b91454cf23bb4) Importer(815301076,1909f56bfc062723c751e8b465ee728b)
Start importing Assets/VRoad/Materials/Lanes/Textures/RoadEdge_RoadEdge_tex.asset using Guid(47c8d3b04d654924f89b91454cf23bb4) Importer(815301076,1909f56bfc062723c751e8b465ee728b)  -> (artifact id: 'c16e8e28ed6fda2537666976b4a9bc91') in 0.026386 seconds 
========================================================================
Received Import Request.
  Time since last request: 9.591411 seconds.
  path: Assets/VRoad/Materials/Textures/LaneFullOrange.png
  artifactKey: Guid(5b8297e5c1f7da349b882982eacc5529) Importer(815301076,1909f56bfc062723c751e8b465ee728b)
Start importing Assets/VRoad/Materials/Textures/LaneFullOrange.png using Guid(5b8297e5c1f7da349b882982eacc5529) Importer(815301076,1909f56bfc062723c751e8b465ee728b)  -> (artifact id: '1b62680a1651911007dd1c051c313316') in 0.042881 seconds 
========================================================================
Received Import Request.
  Time since last request: 0.000015 seconds.
  path: Assets/VRoad/Materials/Textures/SurfaceConcreteMottle.png
  artifactKey: Guid(0164909be57d76e47ae3ba359ea764e3) Importer(815301076,1909f56bfc062723c751e8b465ee728b)
Start importing Assets/VRoad/Materials/Textures/SurfaceConcreteMottle.png using Guid(0164909be57d76e47ae3ba359ea764e3) Importer(815301076,1909f56bfc062723c751e8b465ee728b)  -> (artifact id: '20f950d791e7f83fb608ba9643aca6ba') in 0.019182 seconds 
========================================================================
Received Import Request.
  Time since last request: 0.651688 seconds.
  path: Assets/VRoad/Materials/Textures/SurfaceGrassGreen.png
  artifactKey: Guid(2ea896e5e254d4b418917e39f9e9d827) Importer(815301076,1909f56bfc062723c751e8b465ee728b)
Start importing Assets/VRoad/Materials/Textures/SurfaceGrassGreen.png using Guid(2ea896e5e254d4b418917e39f9e9d827) Importer(815301076,1909f56bfc062723c751e8b465ee728b)  -> (artifact id: '04ff547f3d66d6cda73d41b0f50a9b44') in 0.016062 seconds 
========================================================================
Received Import Request.
  Time since last request: 0.032466 seconds.
  path: Assets/VRoad/Materials/Textures/SurfaceSandDark.png
  artifactKey: Guid(766a59b3906dfdc49813a0bca0557d0a) Importer(815301076,1909f56bfc062723c751e8b465ee728b)
Start importing Assets/VRoad/Materials/Textures/SurfaceSandDark.png using Guid(766a59b3906dfdc49813a0bca0557d0a) Importer(815301076,1909f56bfc062723c751e8b465ee728b)  -> (artifact id: '72bcac5c90f014c116c8d5e85aeb4dd8') in 0.019208 seconds 
========================================================================
Received Import Request.
  Time since last request: 0.815194 seconds.
  path: Assets/VRoad/Materials/Textures/LaneFullBlue.png
  artifactKey: Guid(3abe0c8ed6acb774999514dd9ea72a0f) Importer(815301076,1909f56bfc062723c751e8b465ee728b)
Start importing Assets/VRoad/Materials/Textures/LaneFullBlue.png using Guid(3abe0c8ed6acb774999514dd9ea72a0f) Importer(815301076,1909f56bfc062723c751e8b465ee728b)  -> (artifact id: 'f3fecc840b5248224603a0e3cae48a47') in 0.016939 seconds 
Editor requested this worker to shutdown with reason: Scaling down because of idle timeout
AssetImportWorker is now disconnected from the server
Process exiting
Exiting without the bug reporter. Application will terminate with return code 0