Using pre-set license
Built from '2021.3/staging' branch; Version is '2021.3.10f1 (1c7d0df0160b) revision 1867021'; Using compiler version '192829333'; Build Type 'Release'
OS: 'Windows 11  (10.0.22631) 64bit Professional' Language: 'ko' Physical Memory: 16078 MB
BatchMode: 1, IsHumanControllingUs: 0, StartBugReporterOnCrash: 0, Is64bit: 1, IsPro: 1

COMMAND LINE ARGUMENTS:
C:\Program Files\Unity\Hub\Editor\2021.3.10f1\Editor\Unity.exe
-adb2
-batchMode
-noUpm
-name
AssetImportWorker3
-projectPath
C:/Users/우준환/serureuk/serureuk/My project
-logFile
Logs/AssetImportWorker3.log
-srvPort
53377
Successfully changed project path to: C:/Users/우준환/serureuk/serureuk/My project
C:/Users/우준환/serureuk/serureuk/My project
[UnityMemory] Configuration Parameters - Can be set up in boot.config
    "memorysetup-bucket-allocator-granularity=16"
    "memorysetup-bucket-allocator-bucket-count=8"
    "memorysetup-bucket-allocator-block-size=33554432"
    "memorysetup-bucket-allocator-block-count=8"
    "memorysetup-main-allocator-block-size=16777216"
    "memorysetup-thread-allocator-block-size=16777216"
    "memorysetup-gfx-main-allocator-block-size=16777216"
    "memorysetup-gfx-thread-allocator-block-size=16777216"
    "memorysetup-cache-allocator-block-size=4194304"
    "memorysetup-typetree-allocator-block-size=2097152"
    "memorysetup-profiler-bucket-allocator-granularity=16"
    "memorysetup-profiler-bucket-allocator-bucket-count=8"
    "memorysetup-profiler-bucket-allocator-block-size=33554432"
    "memorysetup-profiler-bucket-allocator-block-count=8"
    "memorysetup-profiler-allocator-block-size=16777216"
    "memorysetup-profiler-editor-allocator-block-size=1048576"
    "memorysetup-temp-allocator-size-main=16777216"
    "memorysetup-job-temp-allocator-block-size=2097152"
    "memorysetup-job-temp-allocator-block-size-background=1048576"
    "memorysetup-job-temp-allocator-reduction-small-platforms=262144"
    "memorysetup-temp-allocator-size-background-worker=32768"
    "memorysetup-temp-allocator-size-job-worker=262144"
    "memorysetup-temp-allocator-size-preload-manager=33554432"
    "memorysetup-temp-allocator-size-nav-mesh-worker=65536"
    "memorysetup-temp-allocator-size-audio-worker=65536"
    "memorysetup-temp-allocator-size-cloud-worker=32768"
    "memorysetup-temp-allocator-size-gi-baking-worker=262144"
    "memorysetup-temp-allocator-size-gfx=262144"
Refreshing native plugins compatible for Editor in 118.57 ms, found 6 plugins.
Preloading 0 native plugins for Editor in 0.00 ms.
Initialize engine version: 2021.3.10f1 (1c7d0df0160b)
[Subsystems] Discovering subsystems at path C:/Program Files/Unity/Hub/Editor/2021.3.10f1/Editor/Data/Resources/UnitySubsystems
[Subsystems] Discovering subsystems at path C:/Users/우준환/serureuk/serureuk/My project/Assets
GfxDevice: creating device client; threaded=0; jobified=0
Direct3D:
    Version:  Direct3D 11.0 [level 11.1]
    Renderer: Intel(R) Iris(R) Xe Graphics (ID=0x46a6)
    Vendor:   Intel
    VRAM:     8039 MB
    Driver:   30.0.101.1660
Initialize mono
Mono path[0] = 'C:/Program Files/Unity/Hub/Editor/2021.3.10f1/Editor/Data/Managed'
Mono path[1] = 'C:/Program Files/Unity/Hub/Editor/2021.3.10f1/Editor/Data/MonoBleedingEdge/lib/mono/unityjit-win32'
Mono config path = 'C:/Program Files/Unity/Hub/Editor/2021.3.10f1/Editor/Data/MonoBleedingEdge/etc'
Using monoOptions --debugger-agent=transport=dt_socket,embedding=1,server=y,suspend=n,address=127.0.0.1:56032
Begin MonoManager ReloadAssembly
Registering precompiled unity dll's ...
Register platform support module: C:/Program Files/Unity/Hub/Editor/2021.3.10f1/Editor/Data/PlaybackEngines/WebGLSupport/UnityEditor.WebGL.Extensions.dll
Register platform support module: C:/Program Files/Unity/Hub/Editor/2021.3.10f1/Editor/Data/PlaybackEngines/WindowsStandaloneSupport/UnityEditor.WindowsStandalone.Extensions.dll
Registered in 0.004199 seconds.
Native extension for WindowsStandalone target not found
Native extension for WebGL target not found
Refreshing native plugins compatible for Editor in 113.67 ms, found 6 plugins.
Preloading 0 native plugins for Editor in 0.00 ms.
Mono: successfully reloaded assembly
- Completed reload, in  0.695 seconds
Domain Reload Profiling:
	ReloadAssembly (696ms)
		BeginReloadAssembly (69ms)
			ExecutionOrderSort (0ms)
			DisableScriptedObjects (0ms)
			BackupInstance (0ms)
			ReleaseScriptingObjects (0ms)
			CreateAndSetChildDomain (1ms)
		EndReloadAssembly (510ms)
			LoadAssemblies (67ms)
			RebuildTransferFunctionScriptingTraits (0ms)
			SetupTypeCache (103ms)
			ReleaseScriptCaches (0ms)
			RebuildScriptCaches (29ms)
			SetupLoadedEditorAssemblies (323ms)
				LogAssemblyErrors (0ms)
				InitializePlatformSupportModulesInManaged (9ms)
				SetLoadedEditorAssemblies (0ms)
				RefreshPlugins (114ms)
				BeforeProcessingInitializeOnLoad (2ms)
				ProcessInitializeOnLoadAttributes (149ms)
				ProcessInitializeOnLoadMethodAttributes (49ms)
				AfterProcessingInitializeOnLoad (0ms)
				EditorAssembliesLoaded (0ms)
			ExecutionOrderSort2 (0ms)
			AwakeInstancesAfterBackupRestoration (0ms)
Platform modules already initialized, skipping
Registering precompiled user dll's ...
Registered in 0.005797 seconds.
Begin MonoManager ReloadAssembly
Native extension for WindowsStandalone target not found
Native extension for WebGL target not found
Refreshing native plugins compatible for Editor in 95.76 ms, found 6 plugins.
Preloading 0 native plugins for Editor in 0.00 ms.
Mono: successfully reloaded assembly
- Completed reload, in  1.386 seconds
Domain Reload Profiling:
	ReloadAssembly (1388ms)
		BeginReloadAssembly (103ms)
			ExecutionOrderSort (0ms)
			DisableScriptedObjects (6ms)
			BackupInstance (0ms)
			ReleaseScriptingObjects (0ms)
			CreateAndSetChildDomain (18ms)
		EndReloadAssembly (1167ms)
			LoadAssemblies (75ms)
			RebuildTransferFunctionScriptingTraits (0ms)
			SetupTypeCache (275ms)
			ReleaseScriptCaches (0ms)
			RebuildScriptCaches (53ms)
			SetupLoadedEditorAssemblies (689ms)
				LogAssemblyErrors (0ms)
				InitializePlatformSupportModulesInManaged (7ms)
				SetLoadedEditorAssemblies (0ms)
				RefreshPlugins (96ms)
				BeforeProcessingInitializeOnLoad (104ms)
				ProcessInitializeOnLoadAttributes (436ms)
				ProcessInitializeOnLoadMethodAttributes (41ms)
				AfterProcessingInitializeOnLoad (5ms)
				EditorAssembliesLoaded (0ms)
			ExecutionOrderSort2 (0ms)
			AwakeInstancesAfterBackupRestoration (9ms)
Platform modules already initialized, skipping
========================================================================
Worker process is ready to serve import requests
Launched and connected shader compiler UnityShaderCompiler.exe after 0.06 seconds
Refreshing native plugins compatible for Editor in 0.92 ms, found 6 plugins.
Preloading 0 native plugins for Editor in 0.00 ms.
Unloading 3748 Unused Serialized files (Serialized files now loaded: 0)
Unloading 53 unused Assets / (113.5 KB). Loaded Objects now: 4198.
Memory consumption went from 143.1 MB to 143.0 MB.
Total: 5.588700 ms (FindLiveObjects: 0.266600 ms CreateObjectMapping: 0.127800 ms MarkObjects: 5.030000 ms  DeleteObjects: 0.162500 ms)

AssetImportParameters requested are different than current active one (requested -> active):
  custom:video-decoder-ogg-theora: a1e56fd34408186e4bbccfd4996cb3dc -> 
  custom:container-muxer-webm: aa71ff27fc2769a1b78a27578f13a17b -> 
  custom:container-demuxer-webm: 4f35f7cbe854078d1ac9338744f61a02 -> 
  custom:video-encoder-webm-vp8: eb34c28f22e8b96e1ab97ce403110664 -> 
  custom:audio-encoder-webm-vorbis: bf7c407c2cedff20999df2af8eb42d56 -> 
  custom:framework-win-MediaFoundation: 216162199b28c13a410421893ffa2e32 -> 
  custom:container-demuxer-ogg: 62fdf1f143b41e24485cea50d1cbac27 -> 
  custom:video-decoder-webm-vp8: 9c59270c3fd7afecdb556c50c9e8de78 -> 
  custom:audio-decoder-ogg-vorbis: bf7c407c2cedff20999df2af8eb42d56 -> 
========================================================================
Received Prepare
Registering precompiled user dll's ...
Registered in 0.005253 seconds.
Begin MonoManager ReloadAssembly
Native extension for WindowsStandalone target not found
Native extension for WebGL target not found
Refreshing native plugins compatible for Editor in 1.25 ms, found 6 plugins.
Preloading 0 native plugins for Editor in 0.00 ms.
Mono: successfully reloaded assembly
- Completed reload, in  1.533 seconds
Domain Reload Profiling:
	ReloadAssembly (1534ms)
		BeginReloadAssembly (164ms)
			ExecutionOrderSort (0ms)
			DisableScriptedObjects (8ms)
			BackupInstance (0ms)
			ReleaseScriptingObjects (0ms)
			CreateAndSetChildDomain (51ms)
		EndReloadAssembly (1255ms)
			LoadAssemblies (95ms)
			RebuildTransferFunctionScriptingTraits (0ms)
			SetupTypeCache (383ms)
			ReleaseScriptCaches (3ms)
			RebuildScriptCaches (82ms)
			SetupLoadedEditorAssemblies (566ms)
				LogAssemblyErrors (0ms)
				InitializePlatformSupportModulesInManaged (30ms)
				SetLoadedEditorAssemblies (1ms)
				RefreshPlugins (1ms)
				BeforeProcessingInitializeOnLoad (94ms)
				ProcessInitializeOnLoadAttributes (387ms)
				ProcessInitializeOnLoadMethodAttributes (46ms)
				AfterProcessingInitializeOnLoad (6ms)
				EditorAssembliesLoaded (0ms)
			ExecutionOrderSort2 (0ms)
			AwakeInstancesAfterBackupRestoration (10ms)
Platform modules already initialized, skipping
Refreshing native plugins compatible for Editor in 9.50 ms, found 6 plugins.
Preloading 0 native plugins for Editor in 0.00 ms.
Unloading 3743 Unused Serialized files (Serialized files now loaded: 0)
Unloading 44 unused Assets / (80.0 KB). Loaded Objects now: 4201.
Memory consumption went from 143.1 MB to 143.0 MB.
Total: 4.145600 ms (FindLiveObjects: 0.336400 ms CreateObjectMapping: 0.206200 ms MarkObjects: 3.484000 ms  DeleteObjects: 0.117000 ms)

AssetImportParameters requested are different than current active one (requested -> active):
  custom:video-decoder-ogg-theora: a1e56fd34408186e4bbccfd4996cb3dc -> 
  custom:container-muxer-webm: aa71ff27fc2769a1b78a27578f13a17b -> 
  custom:container-demuxer-webm: 4f35f7cbe854078d1ac9338744f61a02 -> 
  custom:video-encoder-webm-vp8: eb34c28f22e8b96e1ab97ce403110664 -> 
  custom:audio-encoder-webm-vorbis: bf7c407c2cedff20999df2af8eb42d56 -> 
  custom:framework-win-MediaFoundation: 216162199b28c13a410421893ffa2e32 -> 
  custom:container-demuxer-ogg: 62fdf1f143b41e24485cea50d1cbac27 -> 
  custom:video-decoder-webm-vp8: 9c59270c3fd7afecdb556c50c9e8de78 -> 
  custom:audio-decoder-ogg-vorbis: bf7c407c2cedff20999df2af8eb42d56 -> 
========================================================================
Received Prepare
Registering precompiled user dll's ...
Registered in 0.005975 seconds.
Begin MonoManager ReloadAssembly
Native extension for WindowsStandalone target not found
Native extension for WebGL target not found
Refreshing native plugins compatible for Editor in 1.28 ms, found 6 plugins.
Preloading 0 native plugins for Editor in 0.00 ms.
Mono: successfully reloaded assembly
- Completed reload, in  1.170 seconds
Domain Reload Profiling:
	ReloadAssembly (1171ms)
		BeginReloadAssembly (153ms)
			ExecutionOrderSort (0ms)
			DisableScriptedObjects (6ms)
			BackupInstance (0ms)
			ReleaseScriptingObjects (0ms)
			CreateAndSetChildDomain (46ms)
		EndReloadAssembly (910ms)
			LoadAssemblies (83ms)
			RebuildTransferFunctionScriptingTraits (0ms)
			SetupTypeCache (296ms)
			ReleaseScriptCaches (2ms)
			RebuildScriptCaches (44ms)
			SetupLoadedEditorAssemblies (435ms)
				LogAssemblyErrors (0ms)
				InitializePlatformSupportModulesInManaged (18ms)
				SetLoadedEditorAssemblies (1ms)
				RefreshPlugins (1ms)
				BeforeProcessingInitializeOnLoad (95ms)
				ProcessInitializeOnLoadAttributes (282ms)
				ProcessInitializeOnLoadMethodAttributes (31ms)
				AfterProcessingInitializeOnLoad (7ms)
				EditorAssembliesLoaded (0ms)
			ExecutionOrderSort2 (0ms)
			AwakeInstancesAfterBackupRestoration (9ms)
Platform modules already initialized, skipping
Refreshing native plugins compatible for Editor in 3.65 ms, found 6 plugins.
Preloading 0 native plugins for Editor in 0.00 ms.
Unloading 3743 Unused Serialized files (Serialized files now loaded: 0)
Unloading 44 unused Assets / (80.1 KB). Loaded Objects now: 4204.
Memory consumption went from 143.1 MB to 143.0 MB.
Total: 4.208400 ms (FindLiveObjects: 0.286000 ms CreateObjectMapping: 0.137100 ms MarkObjects: 3.637600 ms  DeleteObjects: 0.146600 ms)

AssetImportParameters requested are different than current active one (requested -> active):
  custom:video-decoder-ogg-theora: a1e56fd34408186e4bbccfd4996cb3dc -> 
  custom:container-muxer-webm: aa71ff27fc2769a1b78a27578f13a17b -> 
  custom:container-demuxer-webm: 4f35f7cbe854078d1ac9338744f61a02 -> 
  custom:video-encoder-webm-vp8: eb34c28f22e8b96e1ab97ce403110664 -> 
  custom:audio-encoder-webm-vorbis: bf7c407c2cedff20999df2af8eb42d56 -> 
  custom:framework-win-MediaFoundation: 216162199b28c13a410421893ffa2e32 -> 
  custom:container-demuxer-ogg: 62fdf1f143b41e24485cea50d1cbac27 -> 
  custom:video-decoder-webm-vp8: 9c59270c3fd7afecdb556c50c9e8de78 -> 
  custom:audio-decoder-ogg-vorbis: bf7c407c2cedff20999df2af8eb42d56 -> 
========================================================================
Received Import Request.
  Time since last request: 406729.359804 seconds.
  path: Assets/VRoad/Models/MapMeshes/Lightsville/Bridges.asset
  artifactKey: Guid(1ad3707e12b8f5c42baab95584f815a4) Importer(815301076,1909f56bfc062723c751e8b465ee728b)
Start importing Assets/VRoad/Models/MapMeshes/Lightsville/Bridges.asset using Guid(1ad3707e12b8f5c42baab95584f815a4) Importer(815301076,1909f56bfc062723c751e8b465ee728b)  -> (artifact id: '3cbcc63c14a54a981d03ff13d04701f1') in 0.202511 seconds 
========================================================================
Received Import Request.
  Time since last request: 0.000054 seconds.
  path: Assets/VRoad/Models/MapMeshes/Lightsville/DropOff.asset
  artifactKey: Guid(c7cf8757bcb7fc64695c937749fce5ef) Importer(815301076,1909f56bfc062723c751e8b465ee728b)
Start importing Assets/VRoad/Models/MapMeshes/Lightsville/DropOff.asset using Guid(c7cf8757bcb7fc64695c937749fce5ef) Importer(815301076,1909f56bfc062723c751e8b465ee728b)  -> (artifact id: '121b5715ee1a5000e6bb8a2810bb4300') in 0.032342 seconds 
========================================================================
Received Import Request.
  Time since last request: 0.000050 seconds.
  path: Assets/VRoad/Models/MapMeshes/Lightsville/BusStops.asset
  artifactKey: Guid(69d3474a826d9d946bf5a26a7654af7c) Importer(815301076,1909f56bfc062723c751e8b465ee728b)
Start importing Assets/VRoad/Models/MapMeshes/Lightsville/BusStops.asset using Guid(69d3474a826d9d946bf5a26a7654af7c) Importer(815301076,1909f56bfc062723c751e8b465ee728b)  -> (artifact id: '348a83191bc6ae9b844d6d729fbcec50') in 0.037163 seconds 
========================================================================
Received Import Request.
  Time since last request: 0.000035 seconds.
  path: Assets/VRoad/Models/MapMeshes/Lightsville/Footpaths.asset
  artifactKey: Guid(a4dd1721fbb1cb34ca3a0ee35e4ee0a0) Importer(815301076,1909f56bfc062723c751e8b465ee728b)
Start importing Assets/VRoad/Models/MapMeshes/Lightsville/Footpaths.asset using Guid(a4dd1721fbb1cb34ca3a0ee35e4ee0a0) Importer(815301076,1909f56bfc062723c751e8b465ee728b)  -> (artifact id: '72415b6646dc5e3e4103d647271e1c1e') in 0.041936 seconds 
========================================================================
Received Import Request.
  Time since last request: 0.000037 seconds.
  path: Assets/VRoad/Models/MapMeshes/Lightsville/DriveThroughBuildings.asset
  artifactKey: Guid(649a740cd245b7f418edbc8bdb55ed10) Importer(815301076,1909f56bfc062723c751e8b465ee728b)
Start importing Assets/VRoad/Models/MapMeshes/Lightsville/DriveThroughBuildings.asset using Guid(649a740cd245b7f418edbc8bdb55ed10) Importer(815301076,1909f56bfc062723c751e8b465ee728b)  -> (artifact id: '2c5776df3a4ecc6c3fd038d1f74519a1') in 0.037364 seconds 
========================================================================
Received Import Request.
  Time since last request: 0.919776 seconds.
  path: Assets/VRoad/Models/Vehicles/LowPoly_Car02_892.asset
  artifactKey: Guid(af977bc16de1b1f40b6b5fe51759815f) Importer(815301076,1909f56bfc062723c751e8b465ee728b)
Start importing Assets/VRoad/Models/Vehicles/LowPoly_Car02_892.asset using Guid(af977bc16de1b1f40b6b5fe51759815f) Importer(815301076,1909f56bfc062723c751e8b465ee728b)  -> (artifact id: '30840e6458fb9a33e6882067c5e811b9') in 0.024643 seconds 
========================================================================
Received Import Request.
  Time since last request: 0.288114 seconds.
  path: Assets/VRoad/Models/Vehicles/LowPoly_HgvCab_797.asset
  artifactKey: Guid(d3b1e504da0589d47a7f67e3ee09f08a) Importer(815301076,1909f56bfc062723c751e8b465ee728b)
Start importing Assets/VRoad/Models/Vehicles/LowPoly_HgvCab_797.asset using Guid(d3b1e504da0589d47a7f67e3ee09f08a) Importer(815301076,1909f56bfc062723c751e8b465ee728b)  -> (artifact id: '358c874b123dfeb38d8ce066500147be') in 0.025924 seconds 
========================================================================
Received Import Request.
  Time since last request: 0.000034 seconds.
  path: Assets/VRoad/Models/Vehicles/LowPoly_Mgv_745.asset
  artifactKey: Guid(7933447bea16c69489e50362b9a414ab) Importer(815301076,1909f56bfc062723c751e8b465ee728b)
Start importing Assets/VRoad/Models/Vehicles/LowPoly_Mgv_745.asset using Guid(7933447bea16c69489e50362b9a414ab) Importer(815301076,1909f56bfc062723c751e8b465ee728b)  -> (artifact id: 'e7441079580fc675d8172dd7fcb36393') in 0.029989 seconds 
========================================================================
Received Import Request.
  Time since last request: 0.037155 seconds.
  path: Assets/VRoad/Models/MapMeshes/Lightsville/Parking.asset
  artifactKey: Guid(be02d5a58e432b6438a64eca54c6700a) Importer(815301076,1909f56bfc062723c751e8b465ee728b)
Start importing Assets/VRoad/Models/MapMeshes/Lightsville/Parking.asset using Guid(be02d5a58e432b6438a64eca54c6700a) Importer(815301076,1909f56bfc062723c751e8b465ee728b)  -> (artifact id: '364f16492fdbb6d6b0ceeb6a7581987d') in 0.029042 seconds 
========================================================================
Received Import Request.
  Time since last request: 0.000029 seconds.
  path: Assets/VRoad/Models/MapMeshes/Lightsville/SignalArrows.asset
  artifactKey: Guid(03167a3aaa9263b459677ef92f312fc1) Importer(815301076,1909f56bfc062723c751e8b465ee728b)
Start importing Assets/VRoad/Models/MapMeshes/Lightsville/SignalArrows.asset using Guid(03167a3aaa9263b459677ef92f312fc1) Importer(815301076,1909f56bfc062723c751e8b465ee728b)  -> (artifact id: '434e50025b7fbf93174abaee76e41f1e') in 0.036591 seconds 
========================================================================
Received Import Request.
  Time since last request: 0.231254 seconds.
  path: Assets/VRoad/Models/MapMeshes/Lightsville/SignalWalks.asset
  artifactKey: Guid(3639938f00156be4c89f4c364abc5644) Importer(815301076,1909f56bfc062723c751e8b465ee728b)
Start importing Assets/VRoad/Models/MapMeshes/Lightsville/SignalWalks.asset using Guid(3639938f00156be4c89f4c364abc5644) Importer(815301076,1909f56bfc062723c751e8b465ee728b)  -> (artifact id: 'bff3af78ff300f757c13f68fd4ab452b') in 0.030761 seconds 
========================================================================
Received Import Request.
  Time since last request: 0.418336 seconds.
  path: Assets/VRoad/Models/MapMeshes/Lightsville/TerrainSimple.asset
  artifactKey: Guid(169d8815beba6314d9fa851fc68bd99d) Importer(815301076,1909f56bfc062723c751e8b465ee728b)
Start importing Assets/VRoad/Models/MapMeshes/Lightsville/TerrainSimple.asset using Guid(169d8815beba6314d9fa851fc68bd99d) Importer(815301076,1909f56bfc062723c751e8b465ee728b)  -> (artifact id: '06d4d78d2e9389b57333f5d6ae49ab33') in 0.032743 seconds 
========================================================================
Received Import Request.
  Time since last request: 0.000056 seconds.
  path: Assets/VRoad/Models/MapMeshes/Lightsville/TurnArrows.asset
  artifactKey: Guid(7ef3f750c5b892549bec0d9649d3b683) Importer(815301076,1909f56bfc062723c751e8b465ee728b)
Start importing Assets/VRoad/Models/MapMeshes/Lightsville/TurnArrows.asset using Guid(7ef3f750c5b892549bec0d9649d3b683) Importer(815301076,1909f56bfc062723c751e8b465ee728b)  -> (artifact id: 'dcdb24b4ed3ea63c7c201c1b015c93b9') in 0.036161 seconds 
========================================================================
Received Import Request.
  Time since last request: 0.026997 seconds.
  path: Assets/VRoad/Models/MapMeshes/Lightsville/Zebras.asset
  artifactKey: Guid(aa1983ba9b538994596fa60725dcf643) Importer(815301076,1909f56bfc062723c751e8b465ee728b)
Start importing Assets/VRoad/Models/MapMeshes/Lightsville/Zebras.asset using Guid(aa1983ba9b538994596fa60725dcf643) Importer(815301076,1909f56bfc062723c751e8b465ee728b)  -> (artifact id: '14829e15d0059956726c96d8f3445812') in 0.031398 seconds 
========================================================================
Received Prepare
Registering precompiled user dll's ...
Registered in 0.004961 seconds.
Begin MonoManager ReloadAssembly
Native extension for WindowsStandalone target not found
Native extension for WebGL target not found
Refreshing native plugins compatible for Editor in 1.01 ms, found 6 plugins.
Preloading 0 native plugins for Editor in 0.00 ms.
Mono: successfully reloaded assembly
- Completed reload, in  1.486 seconds
Domain Reload Profiling:
	ReloadAssembly (1487ms)
		BeginReloadAssembly (165ms)
			ExecutionOrderSort (0ms)
			DisableScriptedObjects (6ms)
			BackupInstance (0ms)
			ReleaseScriptingObjects (0ms)
			CreateAndSetChildDomain (46ms)
		EndReloadAssembly (1204ms)
			LoadAssemblies (115ms)
			RebuildTransferFunctionScriptingTraits (0ms)
			SetupTypeCache (363ms)
			ReleaseScriptCaches (1ms)
			RebuildScriptCaches (70ms)
			SetupLoadedEditorAssemblies (547ms)
				LogAssemblyErrors (0ms)
				InitializePlatformSupportModulesInManaged (22ms)
				SetLoadedEditorAssemblies (1ms)
				RefreshPlugins (1ms)
				BeforeProcessingInitializeOnLoad (92ms)
				ProcessInitializeOnLoadAttributes (395ms)
				ProcessInitializeOnLoadMethodAttributes (32ms)
				AfterProcessingInitializeOnLoad (5ms)
				EditorAssembliesLoaded (0ms)
			ExecutionOrderSort2 (0ms)
			AwakeInstancesAfterBackupRestoration (17ms)
Platform modules already initialized, skipping
Refreshing native plugins compatible for Editor in 3.73 ms, found 6 plugins.
Preloading 0 native plugins for Editor in 0.00 ms.
Unloading 3743 Unused Serialized files (Serialized files now loaded: 0)
Unloading 44 unused Assets / (80.1 KB). Loaded Objects now: 4218.
Memory consumption went from 147.7 MB to 147.6 MB.
Total: 3.754400 ms (FindLiveObjects: 0.297400 ms CreateObjectMapping: 0.131800 ms MarkObjects: 3.210000 ms  DeleteObjects: 0.113600 ms)

AssetImportParameters requested are different than current active one (requested -> active):
  custom:video-decoder-ogg-theora: a1e56fd34408186e4bbccfd4996cb3dc -> 
  custom:container-muxer-webm: aa71ff27fc2769a1b78a27578f13a17b -> 
  custom:container-demuxer-webm: 4f35f7cbe854078d1ac9338744f61a02 -> 
  custom:video-encoder-webm-vp8: eb34c28f22e8b96e1ab97ce403110664 -> 
  custom:audio-encoder-webm-vorbis: bf7c407c2cedff20999df2af8eb42d56 -> 
  custom:framework-win-MediaFoundation: 216162199b28c13a410421893ffa2e32 -> 
  custom:container-demuxer-ogg: 62fdf1f143b41e24485cea50d1cbac27 -> 
  custom:video-decoder-webm-vp8: 9c59270c3fd7afecdb556c50c9e8de78 -> 
  custom:audio-decoder-ogg-vorbis: bf7c407c2cedff20999df2af8eb42d56 -> 
========================================================================
Received Prepare
Registering precompiled user dll's ...
Registered in 0.005322 seconds.
Begin MonoManager ReloadAssembly
Native extension for WindowsStandalone target not found
Native extension for WebGL target not found
Refreshing native plugins compatible for Editor in 1.30 ms, found 6 plugins.
Preloading 0 native plugins for Editor in 0.00 ms.
Mono: successfully reloaded assembly
- Completed reload, in  1.438 seconds
Domain Reload Profiling:
	ReloadAssembly (1440ms)
		BeginReloadAssembly (176ms)
			ExecutionOrderSort (0ms)
			DisableScriptedObjects (8ms)
			BackupInstance (0ms)
			ReleaseScriptingObjects (0ms)
			CreateAndSetChildDomain (50ms)
		EndReloadAssembly (1166ms)
			LoadAssemblies (100ms)
			RebuildTransferFunctionScriptingTraits (0ms)
			SetupTypeCache (359ms)
			ReleaseScriptCaches (2ms)
			RebuildScriptCaches (70ms)
			SetupLoadedEditorAssemblies (532ms)
				LogAssemblyErrors (0ms)
				InitializePlatformSupportModulesInManaged (21ms)
				SetLoadedEditorAssemblies (1ms)
				RefreshPlugins (1ms)
				BeforeProcessingInitializeOnLoad (89ms)
				ProcessInitializeOnLoadAttributes (371ms)
				ProcessInitializeOnLoadMethodAttributes (40ms)
				AfterProcessingInitializeOnLoad (9ms)
				EditorAssembliesLoaded (0ms)
			ExecutionOrderSort2 (0ms)
			AwakeInstancesAfterBackupRestoration (10ms)
Platform modules already initialized, skipping
Refreshing native plugins compatible for Editor in 3.57 ms, found 6 plugins.
Preloading 0 native plugins for Editor in 0.00 ms.
Unloading 3743 Unused Serialized files (Serialized files now loaded: 0)
Unloading 44 unused Assets / (80.0 KB). Loaded Objects now: 4221.
Memory consumption went from 147.7 MB to 147.6 MB.
Total: 5.004500 ms (FindLiveObjects: 0.509200 ms CreateObjectMapping: 0.199900 ms MarkObjects: 4.177500 ms  DeleteObjects: 0.115900 ms)

AssetImportParameters requested are different than current active one (requested -> active):
  custom:video-decoder-ogg-theora: a1e56fd34408186e4bbccfd4996cb3dc -> 
  custom:container-muxer-webm: aa71ff27fc2769a1b78a27578f13a17b -> 
  custom:container-demuxer-webm: 4f35f7cbe854078d1ac9338744f61a02 -> 
  custom:video-encoder-webm-vp8: eb34c28f22e8b96e1ab97ce403110664 -> 
  custom:audio-encoder-webm-vorbis: bf7c407c2cedff20999df2af8eb42d56 -> 
  custom:framework-win-MediaFoundation: 216162199b28c13a410421893ffa2e32 -> 
  custom:container-demuxer-ogg: 62fdf1f143b41e24485cea50d1cbac27 -> 
  custom:video-decoder-webm-vp8: 9c59270c3fd7afecdb556c50c9e8de78 -> 
  custom:audio-decoder-ogg-vorbis: bf7c407c2cedff20999df2af8eb42d56 -> 
Editor requested this worker to shutdown with reason: Scaling down because of idle timeout
AssetImportWorkerClient::OnTransportError - code=2 error=End of file
AssetImportWorker is now disconnected from the server
Process exiting
Exiting without the bug reporter. Application will terminate with return code 0