Using pre-set license
Built from '2021.3/staging' branch; Version is '2021.3.10f1 (1c7d0df0160b) revision 1867021'; Using compiler version '192829333'; Build Type 'Release'
OS: 'Windows 11  (10.0.22631) 64bit Professional' Language: 'ko' Physical Memory: 16078 MB
BatchMode: 1, IsHumanControllingUs: 0, StartBugReporterOnCrash: 0, Is64bit: 1, IsPro: 1

COMMAND LINE ARGUMENTS:
C:\Program Files\Unity\Hub\Editor\2021.3.10f1\Editor\Unity.exe
-adb2
-batchMode
-noUpm
-name
AssetImportWorker2
-projectPath
C:/Users/우준환/serureuk/serureuk/My project
-logFile
Logs/AssetImportWorker2.log
-srvPort
53377
Successfully changed project path to: C:/Users/우준환/serureuk/serureuk/My project
C:/Users/우준환/serureuk/serureuk/My project
[UnityMemory] Configuration Parameters - Can be set up in boot.config
    "memorysetup-bucket-allocator-granularity=16"
    "memorysetup-bucket-allocator-bucket-count=8"
    "memorysetup-bucket-allocator-block-size=33554432"
    "memorysetup-bucket-allocator-block-count=8"
    "memorysetup-main-allocator-block-size=16777216"
    "memorysetup-thread-allocator-block-size=16777216"
    "memorysetup-gfx-main-allocator-block-size=16777216"
    "memorysetup-gfx-thread-allocator-block-size=16777216"
    "memorysetup-cache-allocator-block-size=4194304"
    "memorysetup-typetree-allocator-block-size=2097152"
    "memorysetup-profiler-bucket-allocator-granularity=16"
    "memorysetup-profiler-bucket-allocator-bucket-count=8"
    "memorysetup-profiler-bucket-allocator-block-size=33554432"
    "memorysetup-profiler-bucket-allocator-block-count=8"
    "memorysetup-profiler-allocator-block-size=16777216"
    "memorysetup-profiler-editor-allocator-block-size=1048576"
    "memorysetup-temp-allocator-size-main=16777216"
    "memorysetup-job-temp-allocator-block-size=2097152"
    "memorysetup-job-temp-allocator-block-size-background=1048576"
    "memorysetup-job-temp-allocator-reduction-small-platforms=262144"
    "memorysetup-temp-allocator-size-background-worker=32768"
    "memorysetup-temp-allocator-size-job-worker=262144"
    "memorysetup-temp-allocator-size-preload-manager=33554432"
    "memorysetup-temp-allocator-size-nav-mesh-worker=65536"
    "memorysetup-temp-allocator-size-audio-worker=65536"
    "memorysetup-temp-allocator-size-cloud-worker=32768"
    "memorysetup-temp-allocator-size-gi-baking-worker=262144"
    "memorysetup-temp-allocator-size-gfx=262144"
Refreshing native plugins compatible for Editor in 123.59 ms, found 6 plugins.
Preloading 0 native plugins for Editor in 0.00 ms.
Initialize engine version: 2021.3.10f1 (1c7d0df0160b)
[Subsystems] Discovering subsystems at path C:/Program Files/Unity/Hub/Editor/2021.3.10f1/Editor/Data/Resources/UnitySubsystems
[Subsystems] Discovering subsystems at path C:/Users/우준환/serureuk/serureuk/My project/Assets
GfxDevice: creating device client; threaded=0; jobified=0
Direct3D:
    Version:  Direct3D 11.0 [level 11.1]
    Renderer: Intel(R) Iris(R) Xe Graphics (ID=0x46a6)
    Vendor:   Intel
    VRAM:     8039 MB
    Driver:   30.0.101.1660
Initialize mono
Mono path[0] = 'C:/Program Files/Unity/Hub/Editor/2021.3.10f1/Editor/Data/Managed'
Mono path[1] = 'C:/Program Files/Unity/Hub/Editor/2021.3.10f1/Editor/Data/MonoBleedingEdge/lib/mono/unityjit-win32'
Mono config path = 'C:/Program Files/Unity/Hub/Editor/2021.3.10f1/Editor/Data/MonoBleedingEdge/etc'
Using monoOptions --debugger-agent=transport=dt_socket,embedding=1,server=y,suspend=n,address=127.0.0.1:56240
Begin MonoManager ReloadAssembly
Registering precompiled unity dll's ...
Register platform support module: C:/Program Files/Unity/Hub/Editor/2021.3.10f1/Editor/Data/PlaybackEngines/WebGLSupport/UnityEditor.WebGL.Extensions.dll
Register platform support module: C:/Program Files/Unity/Hub/Editor/2021.3.10f1/Editor/Data/PlaybackEngines/WindowsStandaloneSupport/UnityEditor.WindowsStandalone.Extensions.dll
Registered in 0.004118 seconds.
Native extension for WindowsStandalone target not found
Native extension for WebGL target not found
Refreshing native plugins compatible for Editor in 100.42 ms, found 6 plugins.
Preloading 0 native plugins for Editor in 0.00 ms.
Mono: successfully reloaded assembly
- Completed reload, in  0.758 seconds
Domain Reload Profiling:
	ReloadAssembly (758ms)
		BeginReloadAssembly (73ms)
			ExecutionOrderSort (0ms)
			DisableScriptedObjects (0ms)
			BackupInstance (0ms)
			ReleaseScriptingObjects (0ms)
			CreateAndSetChildDomain (1ms)
		EndReloadAssembly (561ms)
			LoadAssemblies (71ms)
			RebuildTransferFunctionScriptingTraits (0ms)
			SetupTypeCache (114ms)
			ReleaseScriptCaches (0ms)
			RebuildScriptCaches (32ms)
			SetupLoadedEditorAssemblies (355ms)
				LogAssemblyErrors (0ms)
				InitializePlatformSupportModulesInManaged (13ms)
				SetLoadedEditorAssemblies (0ms)
				RefreshPlugins (101ms)
				BeforeProcessingInitializeOnLoad (2ms)
				ProcessInitializeOnLoadAttributes (172ms)
				ProcessInitializeOnLoadMethodAttributes (67ms)
				AfterProcessingInitializeOnLoad (0ms)
				EditorAssembliesLoaded (0ms)
			ExecutionOrderSort2 (0ms)
			AwakeInstancesAfterBackupRestoration (0ms)
Platform modules already initialized, skipping
Registering precompiled user dll's ...
Registered in 0.007284 seconds.
Begin MonoManager ReloadAssembly
Native extension for WindowsStandalone target not found
Native extension for WebGL target not found
Refreshing native plugins compatible for Editor in 88.58 ms, found 6 plugins.
Preloading 0 native plugins for Editor in 0.00 ms.
Mono: successfully reloaded assembly
- Completed reload, in  1.225 seconds
Domain Reload Profiling:
	ReloadAssembly (1226ms)
		BeginReloadAssembly (131ms)
			ExecutionOrderSort (0ms)
			DisableScriptedObjects (6ms)
			BackupInstance (0ms)
			ReleaseScriptingObjects (0ms)
			CreateAndSetChildDomain (20ms)
		EndReloadAssembly (959ms)
			LoadAssemblies (103ms)
			RebuildTransferFunctionScriptingTraits (0ms)
			SetupTypeCache (275ms)
			ReleaseScriptCaches (1ms)
			RebuildScriptCaches (49ms)
			SetupLoadedEditorAssemblies (497ms)
				LogAssemblyErrors (0ms)
				InitializePlatformSupportModulesInManaged (6ms)
				SetLoadedEditorAssemblies (0ms)
				RefreshPlugins (89ms)
				BeforeProcessingInitializeOnLoad (87ms)
				ProcessInitializeOnLoadAttributes (282ms)
				ProcessInitializeOnLoadMethodAttributes (28ms)
				AfterProcessingInitializeOnLoad (5ms)
				EditorAssembliesLoaded (0ms)
			ExecutionOrderSort2 (0ms)
			AwakeInstancesAfterBackupRestoration (9ms)
Platform modules already initialized, skipping
========================================================================
Worker process is ready to serve import requests
Launched and connected shader compiler UnityShaderCompiler.exe after 0.04 seconds
Refreshing native plugins compatible for Editor in 0.67 ms, found 6 plugins.
Preloading 0 native plugins for Editor in 0.00 ms.
Unloading 3748 Unused Serialized files (Serialized files now loaded: 0)
Unloading 53 unused Assets / (113.5 KB). Loaded Objects now: 4198.
Memory consumption went from 143.1 MB to 143.0 MB.
Total: 4.110100 ms (FindLiveObjects: 0.228500 ms CreateObjectMapping: 0.108600 ms MarkObjects: 3.654800 ms  DeleteObjects: 0.116800 ms)

AssetImportParameters requested are different than current active one (requested -> active):
  custom:video-decoder-ogg-theora: a1e56fd34408186e4bbccfd4996cb3dc -> 
  custom:container-muxer-webm: aa71ff27fc2769a1b78a27578f13a17b -> 
  custom:container-demuxer-webm: 4f35f7cbe854078d1ac9338744f61a02 -> 
  custom:video-encoder-webm-vp8: eb34c28f22e8b96e1ab97ce403110664 -> 
  custom:audio-encoder-webm-vorbis: bf7c407c2cedff20999df2af8eb42d56 -> 
  custom:framework-win-MediaFoundation: 216162199b28c13a410421893ffa2e32 -> 
  custom:container-demuxer-ogg: 62fdf1f143b41e24485cea50d1cbac27 -> 
  custom:video-decoder-webm-vp8: 9c59270c3fd7afecdb556c50c9e8de78 -> 
  custom:audio-decoder-ogg-vorbis: bf7c407c2cedff20999df2af8eb42d56 -> 
========================================================================
Received Prepare
Registering precompiled user dll's ...
Registered in 0.005194 seconds.
Begin MonoManager ReloadAssembly
Native extension for WindowsStandalone target not found
Native extension for WebGL target not found
Refreshing native plugins compatible for Editor in 1.44 ms, found 6 plugins.
Preloading 0 native plugins for Editor in 0.00 ms.
Mono: successfully reloaded assembly
- Completed reload, in  1.531 seconds
Domain Reload Profiling:
	ReloadAssembly (1532ms)
		BeginReloadAssembly (160ms)
			ExecutionOrderSort (0ms)
			DisableScriptedObjects (7ms)
			BackupInstance (0ms)
			ReleaseScriptingObjects (0ms)
			CreateAndSetChildDomain (46ms)
		EndReloadAssembly (1233ms)
			LoadAssemblies (97ms)
			RebuildTransferFunctionScriptingTraits (0ms)
			SetupTypeCache (366ms)
			ReleaseScriptCaches (2ms)
			RebuildScriptCaches (87ms)
			SetupLoadedEditorAssemblies (561ms)
				LogAssemblyErrors (0ms)
				InitializePlatformSupportModulesInManaged (29ms)
				SetLoadedEditorAssemblies (1ms)
				RefreshPlugins (2ms)
				BeforeProcessingInitializeOnLoad (97ms)
				ProcessInitializeOnLoadAttributes (382ms)
				ProcessInitializeOnLoadMethodAttributes (43ms)
				AfterProcessingInitializeOnLoad (8ms)
				EditorAssembliesLoaded (0ms)
			ExecutionOrderSort2 (0ms)
			AwakeInstancesAfterBackupRestoration (10ms)
Platform modules already initialized, skipping
Refreshing native plugins compatible for Editor in 5.54 ms, found 6 plugins.
Preloading 0 native plugins for Editor in 0.00 ms.
Unloading 3743 Unused Serialized files (Serialized files now loaded: 0)
Unloading 44 unused Assets / (79.9 KB). Loaded Objects now: 4201.
Memory consumption went from 143.1 MB to 143.0 MB.
Total: 6.533500 ms (FindLiveObjects: 0.345000 ms CreateObjectMapping: 0.175300 ms MarkObjects: 5.849000 ms  DeleteObjects: 0.162000 ms)

AssetImportParameters requested are different than current active one (requested -> active):
  custom:video-decoder-ogg-theora: a1e56fd34408186e4bbccfd4996cb3dc -> 
  custom:container-muxer-webm: aa71ff27fc2769a1b78a27578f13a17b -> 
  custom:container-demuxer-webm: 4f35f7cbe854078d1ac9338744f61a02 -> 
  custom:video-encoder-webm-vp8: eb34c28f22e8b96e1ab97ce403110664 -> 
  custom:audio-encoder-webm-vorbis: bf7c407c2cedff20999df2af8eb42d56 -> 
  custom:framework-win-MediaFoundation: 216162199b28c13a410421893ffa2e32 -> 
  custom:container-demuxer-ogg: 62fdf1f143b41e24485cea50d1cbac27 -> 
  custom:video-decoder-webm-vp8: 9c59270c3fd7afecdb556c50c9e8de78 -> 
  custom:audio-decoder-ogg-vorbis: bf7c407c2cedff20999df2af8eb42d56 -> 
========================================================================
Received Import Request.
  Time since last request: 406550.807481 seconds.
  path: Assets/script/Car.cs
  artifactKey: Guid(2b585157a695f224482d749aed1b20da) Importer(815301076,1909f56bfc062723c751e8b465ee728b)
Start importing Assets/script/Car.cs using Guid(2b585157a695f224482d749aed1b20da) Importer(815301076,1909f56bfc062723c751e8b465ee728b)  -> (artifact id: '5e9268317455be607c5ab9f9f957ac53') in 0.073143 seconds 
========================================================================
Received Prepare
Registering precompiled user dll's ...
Registered in 0.005212 seconds.
Begin MonoManager ReloadAssembly
Native extension for WindowsStandalone target not found
Native extension for WebGL target not found
Refreshing native plugins compatible for Editor in 2.08 ms, found 6 plugins.
Preloading 0 native plugins for Editor in 0.00 ms.
Mono: successfully reloaded assembly
- Completed reload, in  1.241 seconds
Domain Reload Profiling:
	ReloadAssembly (1242ms)
		BeginReloadAssembly (152ms)
			ExecutionOrderSort (0ms)
			DisableScriptedObjects (6ms)
			BackupInstance (0ms)
			ReleaseScriptingObjects (0ms)
			CreateAndSetChildDomain (44ms)
		EndReloadAssembly (983ms)
			LoadAssemblies (90ms)
			RebuildTransferFunctionScriptingTraits (0ms)
			SetupTypeCache (328ms)
			ReleaseScriptCaches (2ms)
			RebuildScriptCaches (54ms)
			SetupLoadedEditorAssemblies (422ms)
				LogAssemblyErrors (0ms)
				InitializePlatformSupportModulesInManaged (25ms)
				SetLoadedEditorAssemblies (1ms)
				RefreshPlugins (2ms)
				BeforeProcessingInitializeOnLoad (93ms)
				ProcessInitializeOnLoadAttributes (262ms)
				ProcessInitializeOnLoadMethodAttributes (32ms)
				AfterProcessingInitializeOnLoad (7ms)
				EditorAssembliesLoaded (0ms)
			ExecutionOrderSort2 (0ms)
			AwakeInstancesAfterBackupRestoration (11ms)
Platform modules already initialized, skipping
Refreshing native plugins compatible for Editor in 4.30 ms, found 6 plugins.
Preloading 0 native plugins for Editor in 0.00 ms.
Unloading 3743 Unused Serialized files (Serialized files now loaded: 0)
Unloading 44 unused Assets / (80.0 KB). Loaded Objects now: 4204.
Memory consumption went from 143.1 MB to 143.0 MB.
Total: 5.732800 ms (FindLiveObjects: 0.425300 ms CreateObjectMapping: 0.159100 ms MarkObjects: 4.973500 ms  DeleteObjects: 0.172800 ms)

AssetImportParameters requested are different than current active one (requested -> active):
  custom:video-decoder-ogg-theora: a1e56fd34408186e4bbccfd4996cb3dc -> 
  custom:container-muxer-webm: aa71ff27fc2769a1b78a27578f13a17b -> 
  custom:container-demuxer-webm: 4f35f7cbe854078d1ac9338744f61a02 -> 
  custom:video-encoder-webm-vp8: eb34c28f22e8b96e1ab97ce403110664 -> 
  custom:audio-encoder-webm-vorbis: bf7c407c2cedff20999df2af8eb42d56 -> 
  custom:framework-win-MediaFoundation: 216162199b28c13a410421893ffa2e32 -> 
  custom:container-demuxer-ogg: 62fdf1f143b41e24485cea50d1cbac27 -> 
  custom:video-decoder-webm-vp8: 9c59270c3fd7afecdb556c50c9e8de78 -> 
  custom:audio-decoder-ogg-vorbis: bf7c407c2cedff20999df2af8eb42d56 -> 
========================================================================
Received Import Request.
  Time since last request: 178.467892 seconds.
  path: Assets/VRoad/Models/MapMeshes/Lightsville/Barriers.asset
  artifactKey: Guid(e4ebc6b34ea6da94c99cf205d295a373) Importer(815301076,1909f56bfc062723c751e8b465ee728b)
Start importing Assets/VRoad/Models/MapMeshes/Lightsville/Barriers.asset using Guid(e4ebc6b34ea6da94c99cf205d295a373) Importer(815301076,1909f56bfc062723c751e8b465ee728b)  -> (artifact id: '6bed80335b31b21282f7e309088213e7') in 0.181936 seconds 
========================================================================
Received Import Request.
  Time since last request: 0.000042 seconds.
  path: Assets/VRoad/Models/MapMeshes/Lightsville/Lanes_0000.asset
  artifactKey: Guid(66191317b5643b749a91eccb4ae97c60) Importer(815301076,1909f56bfc062723c751e8b465ee728b)
Start importing Assets/VRoad/Models/MapMeshes/Lightsville/Lanes_0000.asset using Guid(66191317b5643b749a91eccb4ae97c60) Importer(815301076,1909f56bfc062723c751e8b465ee728b)  -> (artifact id: '80c9869ff65f3b4c699966ffaa02ae15') in 0.034171 seconds 
========================================================================
Received Import Request.
  Time since last request: 0.000083 seconds.
  path: Assets/VRoad/Models/MapMeshes/Lightsville/Junctions.asset
  artifactKey: Guid(4b50ec4c6b7c06b45919c63b2e9c3d69) Importer(815301076,1909f56bfc062723c751e8b465ee728b)
Start importing Assets/VRoad/Models/MapMeshes/Lightsville/Junctions.asset using Guid(4b50ec4c6b7c06b45919c63b2e9c3d69) Importer(815301076,1909f56bfc062723c751e8b465ee728b)  -> (artifact id: '94bb46889b6e13ee0588f4d126f11d86') in 0.039173 seconds 
========================================================================
Received Import Request.
  Time since last request: 0.000041 seconds.
  path: Assets/VRoad/Models/MapMeshes/Lightsville/Crossings.asset
  artifactKey: Guid(43b040676199d244493c4ddf2b03a0e4) Importer(815301076,1909f56bfc062723c751e8b465ee728b)
Start importing Assets/VRoad/Models/MapMeshes/Lightsville/Crossings.asset using Guid(43b040676199d244493c4ddf2b03a0e4) Importer(815301076,1909f56bfc062723c751e8b465ee728b)  -> (artifact id: 'b6c0beb4e2f60641eb50f845e48573b0') in 0.039311 seconds 
========================================================================
Received Import Request.
  Time since last request: 0.000042 seconds.
  path: Assets/VRoad/Models/MapMeshes/Lightsville/Embankments.asset
  artifactKey: Guid(e4815acc50a306946995a6f390af9421) Importer(815301076,1909f56bfc062723c751e8b465ee728b)
Start importing Assets/VRoad/Models/MapMeshes/Lightsville/Embankments.asset using Guid(e4815acc50a306946995a6f390af9421) Importer(815301076,1909f56bfc062723c751e8b465ee728b)  -> (artifact id: '74949769e8ae1a9858a14ac257219760') in 0.034106 seconds 
========================================================================
Received Import Request.
  Time since last request: 0.939722 seconds.
  path: Assets/VRoad/Models/Vehicles/LowPoly_Car01_918.asset
  artifactKey: Guid(4140337a2a8a58f4bbf82e4238db94db) Importer(815301076,1909f56bfc062723c751e8b465ee728b)
Start importing Assets/VRoad/Models/Vehicles/LowPoly_Car01_918.asset using Guid(4140337a2a8a58f4bbf82e4238db94db) Importer(815301076,1909f56bfc062723c751e8b465ee728b)  -> (artifact id: '7e0700db97989f5ce65ca9c06b88c3ff') in 0.023796 seconds 
========================================================================
Received Import Request.
  Time since last request: 0.287329 seconds.
  path: Assets/VRoad/Models/Vehicles/LowPoly_Coach_910.asset
  artifactKey: Guid(c0286541493d6704886df98e9c89efca) Importer(815301076,1909f56bfc062723c751e8b465ee728b)
Start importing Assets/VRoad/Models/Vehicles/LowPoly_Coach_910.asset using Guid(c0286541493d6704886df98e9c89efca) Importer(815301076,1909f56bfc062723c751e8b465ee728b)  -> (artifact id: '249453b0d1ac885463464552962190ad') in 0.026114 seconds 
========================================================================
Received Import Request.
  Time since last request: 0.000034 seconds.
  path: Assets/VRoad/Models/Vehicles/LowPoly_HgvTrl_525.asset
  artifactKey: Guid(6adf5c1f578117744aa2be46aaa01e0f) Importer(815301076,1909f56bfc062723c751e8b465ee728b)
Start importing Assets/VRoad/Models/Vehicles/LowPoly_HgvTrl_525.asset using Guid(6adf5c1f578117744aa2be46aaa01e0f) Importer(815301076,1909f56bfc062723c751e8b465ee728b)  -> (artifact id: '2b7ca5e0e8d491650a7c8efab9f3a5b8') in 0.024227 seconds 
========================================================================
Received Import Request.
  Time since last request: 0.040995 seconds.
  path: Assets/VRoad/Models/MapMeshes/Lightsville/MedianMarkings.asset
  artifactKey: Guid(38cda4da466d23245a5901a96ee1c9b1) Importer(815301076,1909f56bfc062723c751e8b465ee728b)
Start importing Assets/VRoad/Models/MapMeshes/Lightsville/MedianMarkings.asset using Guid(38cda4da466d23245a5901a96ee1c9b1) Importer(815301076,1909f56bfc062723c751e8b465ee728b)  -> (artifact id: 'ef29e712e01152dc803f2b4c3569e7f1') in 0.030086 seconds 
========================================================================
Received Import Request.
  Time since last request: 0.000033 seconds.
  path: Assets/VRoad/Models/MapMeshes/Lightsville/Shoulders.asset
  artifactKey: Guid(fc2c4740619ab8d469d29faed6e988f1) Importer(815301076,1909f56bfc062723c751e8b465ee728b)
Start importing Assets/VRoad/Models/MapMeshes/Lightsville/Shoulders.asset using Guid(fc2c4740619ab8d469d29faed6e988f1) Importer(815301076,1909f56bfc062723c751e8b465ee728b)  -> (artifact id: '3bb5bb60d40de92aeb87a353f140ea24') in 0.036211 seconds 
========================================================================
Received Import Request.
  Time since last request: 0.224959 seconds.
  path: Assets/VRoad/Models/MapMeshes/Lightsville/SignalBoxes.asset
  artifactKey: Guid(3a7e94fa5507d41458c5d8ee084b20fc) Importer(815301076,1909f56bfc062723c751e8b465ee728b)
Start importing Assets/VRoad/Models/MapMeshes/Lightsville/SignalBoxes.asset using Guid(3a7e94fa5507d41458c5d8ee084b20fc) Importer(815301076,1909f56bfc062723c751e8b465ee728b)  -> (artifact id: '5b3fcad86fc3e6966a1de377eece0dc4') in 0.032262 seconds 
========================================================================
Received Import Request.
  Time since last request: 0.416236 seconds.
  path: Assets/VRoad/Models/MapMeshes/Lightsville/SolidBuildings.asset
  artifactKey: Guid(55c34cdb546c54747a83eba1f34ed829) Importer(815301076,1909f56bfc062723c751e8b465ee728b)
Start importing Assets/VRoad/Models/MapMeshes/Lightsville/SolidBuildings.asset using Guid(55c34cdb546c54747a83eba1f34ed829) Importer(815301076,1909f56bfc062723c751e8b465ee728b)  -> (artifact id: '154bc86feb23107c716217f31e88aeca') in 0.034677 seconds 
========================================================================
Received Import Request.
  Time since last request: 0.000046 seconds.
  path: Assets/VRoad/Models/MapMeshes/Lightsville/Tunnels.asset
  artifactKey: Guid(535a91c6b0a808e4e8de1c13c299ef2a) Importer(815301076,1909f56bfc062723c751e8b465ee728b)
Start importing Assets/VRoad/Models/MapMeshes/Lightsville/Tunnels.asset using Guid(535a91c6b0a808e4e8de1c13c299ef2a) Importer(815301076,1909f56bfc062723c751e8b465ee728b)  -> (artifact id: '9d124b3516652a6dad6b76d20c665b2a') in 0.037028 seconds 
========================================================================
Received Import Request.
  Time since last request: 0.030259 seconds.
  path: Assets/VRoad/Models/MapMeshes/Lightsville/Water.asset
  artifactKey: Guid(b332a43c5d35dab43b95608d7b28803f) Importer(815301076,1909f56bfc062723c751e8b465ee728b)
Start importing Assets/VRoad/Models/MapMeshes/Lightsville/Water.asset using Guid(b332a43c5d35dab43b95608d7b28803f) Importer(815301076,1909f56bfc062723c751e8b465ee728b)  -> (artifact id: '9298e479407a183bac514e651c4ec5f7') in 0.032176 seconds 
========================================================================
Received Prepare
Registering precompiled user dll's ...
Registered in 0.005502 seconds.
Begin MonoManager ReloadAssembly
Native extension for WindowsStandalone target not found
Native extension for WebGL target not found
Refreshing native plugins compatible for Editor in 1.17 ms, found 6 plugins.
Preloading 0 native plugins for Editor in 0.00 ms.
Mono: successfully reloaded assembly
- Completed reload, in  1.403 seconds
Domain Reload Profiling:
	ReloadAssembly (1404ms)
		BeginReloadAssembly (170ms)
			ExecutionOrderSort (0ms)
			DisableScriptedObjects (6ms)
			BackupInstance (0ms)
			ReleaseScriptingObjects (0ms)
			CreateAndSetChildDomain (53ms)
		EndReloadAssembly (1136ms)
			LoadAssemblies (89ms)
			RebuildTransferFunctionScriptingTraits (0ms)
			SetupTypeCache (340ms)
			ReleaseScriptCaches (2ms)
			RebuildScriptCaches (63ms)
			SetupLoadedEditorAssemblies (548ms)
				LogAssemblyErrors (0ms)
				InitializePlatformSupportModulesInManaged (21ms)
				SetLoadedEditorAssemblies (1ms)
				RefreshPlugins (1ms)
				BeforeProcessingInitializeOnLoad (99ms)
				ProcessInitializeOnLoadAttributes (368ms)
				ProcessInitializeOnLoadMethodAttributes (53ms)
				AfterProcessingInitializeOnLoad (6ms)
				EditorAssembliesLoaded (0ms)
			ExecutionOrderSort2 (0ms)
			AwakeInstancesAfterBackupRestoration (10ms)
Platform modules already initialized, skipping
Refreshing native plugins compatible for Editor in 3.57 ms, found 6 plugins.
Preloading 0 native plugins for Editor in 0.00 ms.
Unloading 3743 Unused Serialized files (Serialized files now loaded: 0)
Unloading 44 unused Assets / (80.1 KB). Loaded Objects now: 4218.
Memory consumption went from 147.7 MB to 147.6 MB.
Total: 4.258700 ms (FindLiveObjects: 0.290100 ms CreateObjectMapping: 0.146500 ms MarkObjects: 3.713800 ms  DeleteObjects: 0.106100 ms)

AssetImportParameters requested are different than current active one (requested -> active):
  custom:video-decoder-ogg-theora: a1e56fd34408186e4bbccfd4996cb3dc -> 
  custom:container-muxer-webm: aa71ff27fc2769a1b78a27578f13a17b -> 
  custom:container-demuxer-webm: 4f35f7cbe854078d1ac9338744f61a02 -> 
  custom:video-encoder-webm-vp8: eb34c28f22e8b96e1ab97ce403110664 -> 
  custom:audio-encoder-webm-vorbis: bf7c407c2cedff20999df2af8eb42d56 -> 
  custom:framework-win-MediaFoundation: 216162199b28c13a410421893ffa2e32 -> 
  custom:container-demuxer-ogg: 62fdf1f143b41e24485cea50d1cbac27 -> 
  custom:video-decoder-webm-vp8: 9c59270c3fd7afecdb556c50c9e8de78 -> 
  custom:audio-decoder-ogg-vorbis: bf7c407c2cedff20999df2af8eb42d56 -> 
========================================================================
Received Prepare
Registering precompiled user dll's ...
Registered in 0.005952 seconds.
Begin MonoManager ReloadAssembly
Native extension for WindowsStandalone target not found
Native extension for WebGL target not found
Refreshing native plugins compatible for Editor in 1.11 ms, found 6 plugins.
Preloading 0 native plugins for Editor in 0.00 ms.
Mono: successfully reloaded assembly
- Completed reload, in  1.371 seconds
Domain Reload Profiling:
	ReloadAssembly (1372ms)
		BeginReloadAssembly (158ms)
			ExecutionOrderSort (0ms)
			DisableScriptedObjects (7ms)
			BackupInstance (0ms)
			ReleaseScriptingObjects (0ms)
			CreateAndSetChildDomain (53ms)
		EndReloadAssembly (1112ms)
			LoadAssemblies (80ms)
			RebuildTransferFunctionScriptingTraits (0ms)
			SetupTypeCache (331ms)
			ReleaseScriptCaches (3ms)
			RebuildScriptCaches (57ms)
			SetupLoadedEditorAssemblies (539ms)
				LogAssemblyErrors (0ms)
				InitializePlatformSupportModulesInManaged (23ms)
				SetLoadedEditorAssemblies (1ms)
				RefreshPlugins (1ms)
				BeforeProcessingInitializeOnLoad (93ms)
				ProcessInitializeOnLoadAttributes (370ms)
				ProcessInitializeOnLoadMethodAttributes (42ms)
				AfterProcessingInitializeOnLoad (9ms)
				EditorAssembliesLoaded (0ms)
			ExecutionOrderSort2 (0ms)
			AwakeInstancesAfterBackupRestoration (12ms)
Platform modules already initialized, skipping
Refreshing native plugins compatible for Editor in 3.63 ms, found 6 plugins.
Preloading 0 native plugins for Editor in 0.00 ms.
Unloading 3743 Unused Serialized files (Serialized files now loaded: 0)
Unloading 44 unused Assets / (80.0 KB). Loaded Objects now: 4221.
Memory consumption went from 147.7 MB to 147.6 MB.
Total: 3.571900 ms (FindLiveObjects: 0.321700 ms CreateObjectMapping: 0.131100 ms MarkObjects: 3.009600 ms  DeleteObjects: 0.107900 ms)

AssetImportParameters requested are different than current active one (requested -> active):
  custom:video-decoder-ogg-theora: a1e56fd34408186e4bbccfd4996cb3dc -> 
  custom:container-muxer-webm: aa71ff27fc2769a1b78a27578f13a17b -> 
  custom:container-demuxer-webm: 4f35f7cbe854078d1ac9338744f61a02 -> 
  custom:video-encoder-webm-vp8: eb34c28f22e8b96e1ab97ce403110664 -> 
  custom:audio-encoder-webm-vorbis: bf7c407c2cedff20999df2af8eb42d56 -> 
  custom:framework-win-MediaFoundation: 216162199b28c13a410421893ffa2e32 -> 
  custom:container-demuxer-ogg: 62fdf1f143b41e24485cea50d1cbac27 -> 
  custom:video-decoder-webm-vp8: 9c59270c3fd7afecdb556c50c9e8de78 -> 
  custom:audio-decoder-ogg-vorbis: bf7c407c2cedff20999df2af8eb42d56 -> 
Editor requested this worker to shutdown with reason: Scaling down because of idle timeout
AssetImportWorker is now disconnected from the server
Process exiting
Exiting without the bug reporter. Application will terminate with return code 0